<?xml version="1.0" encoding="UTF-8"?>
<!-- Generated by org.testng.reporters.JUnitXMLReporter -->
<testsuite ignored="0" hostname="dharampal-PC" failures="0" tests="4" name="Test" time="8.657" errors="0" timestamp="05 Apr 2020 10:01:14 GMT">
  <testcase classname="seleniumautomation.seleniumwithmavenTest" name="testingMaven" time="8.584"/>
  <testcase classname="seleniumautomation.seleniumwithmavenTest" name="testingMaven1" time="0.001"/>
  <testcase classname="seleniumautomation.selenium1Test" name="TestCase1" time="0.0"/>
  <testcase classname="seleniumautomation.selenium1Test" name="TestCase2" time="0.0"/>
</testsuite> <!-- Test -->
