<?xml version="1.0" encoding="UTF-8"?>
<testng-results ignored="0" total="2" passed="2" failed="0" skipped="0">
  <reporter-output>
  </reporter-output>
  <suite started-at="2020-04-05T14:44:27 IST" name="Suite" finished-at="2020-04-05T14:44:36 IST" duration-ms="8568">
    <groups>
    </groups>
    <test started-at="2020-04-05T14:44:27 IST" name="Test" finished-at="2020-04-05T14:44:36 IST" duration-ms="8568">
      <class name="seleniumautomation.seleniumwithmavenTest">
        <test-method signature="testingMaven()[pri:0, instance:seleniumautomation.seleniumwithmavenTest@13c10b87]" started-at="2020-04-05T14:44:27 IST" name="testingMaven" finished-at="2020-04-05T14:44:36 IST" duration-ms="8467" status="PASS">
          <reporter-output>
          </reporter-output>
        </test-method> <!-- testingMaven -->
        <test-method signature="testingMaven1()[pri:0, instance:seleniumautomation.seleniumwithmavenTest@13c10b87]" started-at="2020-04-05T14:44:36 IST" name="testingMaven1" finished-at="2020-04-05T14:44:36 IST" duration-ms="3" status="PASS">
          <reporter-output>
          </reporter-output>
        </test-method> <!-- testingMaven1 -->
      </class> <!-- seleniumautomation.seleniumwithmavenTest -->
    </test> <!-- Test -->
  </suite> <!-- Suite -->
</testng-results>
